<?xml version="1.0" encoding="UTF-8"?>
<testsuite xmlns:xsi="http://www.w3.org/2001/XMLSchema-instance" xsi:noNamespaceSchemaLocation="https://maven.apache.org/surefire/maven-surefire-plugin/xsd/surefire-test-report.xsd" name="seasonDetermineTest" time="0.225" tests="7" errors="0" skipped="0" failures="2">
  <properties>
    <property name="java.specification.version" value="21"/>
    <property name="sun.jnu.encoding" value="UTF-8"/>
    <property name="java.class.path" value="/home/samuel/Desktop/introSoft/Eyasu_Samuel21456930_ISErepo/Code/target/test-classes:/home/samuel/Desktop/introSoft/Eyasu_Samuel21456930_ISErepo/Code/target/classes:/home/samuel/.m2/repository/org/junit/jupiter/junit-jupiter-api/5.7.0/junit-jupiter-api-5.7.0.jar:/home/samuel/.m2/repository/org/apiguardian/apiguardian-api/1.1.0/apiguardian-api-1.1.0.jar:/home/samuel/.m2/repository/org/opentest4j/opentest4j/1.2.0/opentest4j-1.2.0.jar:/home/samuel/.m2/repository/org/junit/platform/junit-platform-commons/1.7.0/junit-platform-commons-1.7.0.jar:/home/samuel/.m2/repository/org/junit/jupiter/junit-jupiter-engine/5.7.0/junit-jupiter-engine-5.7.0.jar:/home/samuel/.m2/repository/org/junit/platform/junit-platform-engine/1.7.0/junit-platform-engine-1.7.0.jar:"/>
    <property name="java.vm.vendor" value="Eclipse Adoptium"/>
    <property name="sun.arch.data.model" value="64"/>
    <property name="java.vendor.url" value="https://adoptium.net/"/>
    <property name="os.name" value="Linux"/>
    <property name="java.vm.specification.version" value="21"/>
    <property name="sun.java.launcher" value="SUN_STANDARD"/>
    <property name="user.country" value="US"/>
    <property name="sun.boot.library.path" value="/opt/jdk-21.0.2+13/lib"/>
    <property name="sun.java.command" value="/home/samuel/Desktop/introSoft/Eyasu_Samuel21456930_ISErepo/Code/target/surefire/surefirebooter552202386826545620.jar /home/samuel/Desktop/introSoft/Eyasu_Samuel21456930_ISErepo/Code/target/surefire 2024-03-26T19-30-37_801-jvmRun1 surefire10590076517711576697tmp surefire_07898223901253421770tmp"/>
    <property name="jdk.debug" value="release"/>
    <property name="surefire.test.class.path" value="/home/samuel/Desktop/introSoft/Eyasu_Samuel21456930_ISErepo/Code/target/test-classes:/home/samuel/Desktop/introSoft/Eyasu_Samuel21456930_ISErepo/Code/target/classes:/home/samuel/.m2/repository/org/junit/jupiter/junit-jupiter-api/5.7.0/junit-jupiter-api-5.7.0.jar:/home/samuel/.m2/repository/org/apiguardian/apiguardian-api/1.1.0/apiguardian-api-1.1.0.jar:/home/samuel/.m2/repository/org/opentest4j/opentest4j/1.2.0/opentest4j-1.2.0.jar:/home/samuel/.m2/repository/org/junit/platform/junit-platform-commons/1.7.0/junit-platform-commons-1.7.0.jar:/home/samuel/.m2/repository/org/junit/jupiter/junit-jupiter-engine/5.7.0/junit-jupiter-engine-5.7.0.jar:/home/samuel/.m2/repository/org/junit/platform/junit-platform-engine/1.7.0/junit-platform-engine-1.7.0.jar:"/>
    <property name="sun.cpu.endian" value="little"/>
    <property name="user.home" value="/home/samuel"/>
    <property name="user.language" value="en"/>
    <property name="java.specification.vendor" value="Oracle Corporation"/>
    <property name="java.version.date" value="2024-01-16"/>
    <property name="java.home" value="/opt/jdk-21.0.2+13"/>
    <property name="file.separator" value="/"/>
    <property name="basedir" value="/home/samuel/Desktop/introSoft/Eyasu_Samuel21456930_ISErepo/Code"/>
    <property name="java.vm.compressedOopsMode" value="Zero based"/>
    <property name="line.separator" value="&#10;"/>
    <property name="java.specification.name" value="Java Platform API Specification"/>
    <property name="java.vm.specification.vendor" value="Oracle Corporation"/>
    <property name="surefire.real.class.path" value="/home/samuel/Desktop/introSoft/Eyasu_Samuel21456930_ISErepo/Code/target/surefire/surefirebooter552202386826545620.jar"/>
    <property name="sun.management.compiler" value="HotSpot 64-Bit Tiered Compilers"/>
    <property name="java.runtime.version" value="21.0.2+13-LTS"/>
    <property name="user.name" value="samuel"/>
    <property name="stdout.encoding" value="UTF-8"/>
    <property name="path.separator" value=":"/>
    <property name="os.version" value="6.5.0-26-generic"/>
    <property name="java.runtime.name" value="OpenJDK Runtime Environment"/>
    <property name="file.encoding" value="UTF-8"/>
    <property name="java.vm.name" value="OpenJDK 64-Bit Server VM"/>
    <property name="java.vendor.version" value="Temurin-21.0.2+13"/>
    <property name="localRepository" value="/home/samuel/.m2/repository"/>
    <property name="java.vendor.url.bug" value="https://github.com/adoptium/adoptium-support/issues"/>
    <property name="java.io.tmpdir" value="/tmp"/>
    <property name="java.version" value="21.0.2"/>
    <property name="user.dir" value="/home/samuel/Desktop/introSoft/Eyasu_Samuel21456930_ISErepo/Code"/>
    <property name="os.arch" value="amd64"/>
    <property name="java.vm.specification.name" value="Java Virtual Machine Specification"/>
    <property name="native.encoding" value="UTF-8"/>
    <property name="java.library.path" value="/usr/java/packages/lib:/usr/lib64:/lib64:/lib:/usr/lib"/>
    <property name="java.vm.info" value="mixed mode, sharing"/>
    <property name="stderr.encoding" value="UTF-8"/>
    <property name="java.vendor" value="Eclipse Adoptium"/>
    <property name="java.vm.version" value="21.0.2+13-LTS"/>
    <property name="sun.io.unicode.encoding" value="UnicodeLittle"/>
    <property name="java.class.version" value="65.0"/>
  </properties>
  <testcase name="testValidCountryWithMeteorologicalCalendar_AustraliaSummer" classname="seasonDetermineTest" time="0.113"/>
  <testcase name="testInvalidCountry_Atlantis" classname="seasonDetermineTest" time="0"/>
  <testcase name="testCountryWithTwoCalendarTypes_AustraliaNoongarMakuru" classname="seasonDetermineTest" time="0.001"/>
  <testcase name="testInvalidMonthHighBoundary" classname="seasonDetermineTest" time="0.004">
    <failure message="expected: &lt;Invalid month provided.&gt; but was: &lt;Spring&gt;" type="org.opentest4j.AssertionFailedError"><![CDATA[org.opentest4j.AssertionFailedError: expected: <Invalid month provided.> but was: <Spring>
	at seasonDetermineTest.testInvalidMonthHighBoundary(seasonDetermineTest.java:30)
]]></failure>
    <system-out><![CDATA[Checking country: australia
Valid country found.
isValid: true
]]></system-out>
  </testcase>
  <testcase name="testSingaporeWithInterMonsoon" classname="seasonDetermineTest" time="0.021"/>
  <testcase name="testNonAustraliaCountryValidInput_UAESummer" classname="seasonDetermineTest" time="0.009"/>
  <testcase name="testInvalidMonthLowBoundary" classname="seasonDetermineTest" time="0.004">
    <failure message="expected: &lt;Invalid month provided.&gt; but was: &lt;Spring&gt;" type="org.opentest4j.AssertionFailedError"><![CDATA[org.opentest4j.AssertionFailedError: expected: <Invalid month provided.> but was: <Spring>
	at seasonDetermineTest.testInvalidMonthLowBoundary(seasonDetermineTest.java:24)
]]></failure>
    <system-out><![CDATA[Checking country: australia
Valid country found.
isValid: true
]]></system-out>
  </testcase>
</testsuite>